<?xml version="1.0" encoding="UTF-8"?>
<!-- Generated by org.testng.reporters.JUnitReportReporter -->
<testsuite skipped="0" hostname="IRIS-CSG-2526" name="Automation.NewTest" tests="1" failures="0" timestamp="14 May 2020 23:40:17 GMT" time="0.013" errors="0">
  <testcase name="f" time="0.013" classname="Automation.NewTest"/>
</testsuite> <!-- Automation.NewTest -->
